2018-07-22 11:34:15.789 [http-nio-8081-exec-1] DEBUG com.my.blog.website.service.impl.ContentServiceImpl - Enter getContents method
2018-07-22 11:34:15.871 [http-nio-8081-exec-1] DEBUG com.my.blog.website.service.impl.ContentServiceImpl - Exit getContents method
2018-07-22 11:34:26.954 [http-nio-8081-exec-4] INFO  com.my.blog.website.controller.admin.IndexController - Enter admin index method
2018-07-22 11:34:26.954 [http-nio-8081-exec-4] DEBUG com.my.blog.website.service.impl.SiteServiceImpl - Enter recentComments method:limit=5
2018-07-22 11:34:26.961 [http-nio-8081-exec-4] DEBUG com.my.blog.website.service.impl.SiteServiceImpl - Exit recentComments method
2018-07-22 11:34:26.961 [http-nio-8081-exec-4] DEBUG com.my.blog.website.service.impl.SiteServiceImpl - Enter recentContents method
2018-07-22 11:34:26.968 [http-nio-8081-exec-4] DEBUG com.my.blog.website.service.impl.SiteServiceImpl - Exit recentContents method
2018-07-22 11:34:26.968 [http-nio-8081-exec-4] DEBUG com.my.blog.website.service.impl.SiteServiceImpl - Enter getStatistics method
2018-07-22 11:34:26.985 [http-nio-8081-exec-4] DEBUG com.my.blog.website.service.impl.SiteServiceImpl - Exit getStatistics method
2018-07-22 11:34:26.985 [http-nio-8081-exec-4] DEBUG com.my.blog.website.service.impl.LogServiceImpl - Enter getLogs method:page=1,linit=5
2018-07-22 11:34:26.991 [http-nio-8081-exec-4] DEBUG com.my.blog.website.service.impl.LogServiceImpl - Exit getLogs method
2018-07-22 11:34:26.991 [http-nio-8081-exec-4] INFO  com.my.blog.website.controller.admin.IndexController - Exit admin index method
2018-07-22 12:02:47.995 [http-nio-8081-exec-6] INFO  com.my.blog.website.controller.admin.IndexController - Enter admin index method
2018-07-22 12:02:47.995 [http-nio-8081-exec-6] DEBUG com.my.blog.website.service.impl.SiteServiceImpl - Enter recentComments method:limit=5
2018-07-22 12:02:47.997 [http-nio-8081-exec-6] DEBUG com.my.blog.website.service.impl.SiteServiceImpl - Exit recentComments method
2018-07-22 12:02:47.998 [http-nio-8081-exec-6] DEBUG com.my.blog.website.service.impl.SiteServiceImpl - Enter recentContents method
2018-07-22 12:02:48.001 [http-nio-8081-exec-6] DEBUG com.my.blog.website.service.impl.SiteServiceImpl - Exit recentContents method
2018-07-22 12:02:48.001 [http-nio-8081-exec-6] DEBUG com.my.blog.website.service.impl.SiteServiceImpl - Enter getStatistics method
2018-07-22 12:02:48.007 [http-nio-8081-exec-6] DEBUG com.my.blog.website.service.impl.SiteServiceImpl - Exit getStatistics method
2018-07-22 12:02:48.007 [http-nio-8081-exec-6] DEBUG com.my.blog.website.service.impl.LogServiceImpl - Enter getLogs method:page=1,linit=5
2018-07-22 12:02:48.009 [http-nio-8081-exec-6] DEBUG com.my.blog.website.service.impl.LogServiceImpl - Exit getLogs method
2018-07-22 12:02:48.009 [http-nio-8081-exec-6] INFO  com.my.blog.website.controller.admin.IndexController - Exit admin index method
2018-07-22 12:18:19.433 [http-nio-8081-exec-5] INFO  com.my.blog.website.controller.admin.IndexController - Enter admin index method
2018-07-22 12:18:19.433 [http-nio-8081-exec-5] DEBUG com.my.blog.website.service.impl.SiteServiceImpl - Enter recentComments method:limit=5
2018-07-22 12:18:19.436 [http-nio-8081-exec-5] DEBUG com.my.blog.website.service.impl.SiteServiceImpl - Exit recentComments method
2018-07-22 12:18:19.436 [http-nio-8081-exec-5] DEBUG com.my.blog.website.service.impl.SiteServiceImpl - Enter recentContents method
2018-07-22 12:18:19.442 [http-nio-8081-exec-5] DEBUG com.my.blog.website.service.impl.SiteServiceImpl - Exit recentContents method
2018-07-22 12:18:19.442 [http-nio-8081-exec-5] DEBUG com.my.blog.website.service.impl.SiteServiceImpl - Enter getStatistics method
2018-07-22 12:18:19.449 [http-nio-8081-exec-5] DEBUG com.my.blog.website.service.impl.SiteServiceImpl - Exit getStatistics method
2018-07-22 12:18:19.449 [http-nio-8081-exec-5] DEBUG com.my.blog.website.service.impl.LogServiceImpl - Enter getLogs method:page=1,linit=5
2018-07-22 12:18:19.454 [http-nio-8081-exec-5] DEBUG com.my.blog.website.service.impl.LogServiceImpl - Exit getLogs method
2018-07-22 12:18:19.454 [http-nio-8081-exec-5] INFO  com.my.blog.website.controller.admin.IndexController - Exit admin index method
2018-07-22 12:27:44.986 [http-nio-8081-exec-7] INFO  com.my.blog.website.controller.admin.IndexController - Enter admin index method
2018-07-22 12:27:44.986 [http-nio-8081-exec-7] DEBUG com.my.blog.website.service.impl.SiteServiceImpl - Enter recentComments method:limit=5
2018-07-22 12:27:44.989 [http-nio-8081-exec-7] DEBUG com.my.blog.website.service.impl.SiteServiceImpl - Exit recentComments method
2018-07-22 12:27:44.989 [http-nio-8081-exec-7] DEBUG com.my.blog.website.service.impl.SiteServiceImpl - Enter recentContents method
2018-07-22 12:27:44.994 [http-nio-8081-exec-7] DEBUG com.my.blog.website.service.impl.SiteServiceImpl - Exit recentContents method
2018-07-22 12:27:44.994 [http-nio-8081-exec-7] DEBUG com.my.blog.website.service.impl.SiteServiceImpl - Enter getStatistics method
2018-07-22 12:27:45.002 [http-nio-8081-exec-7] DEBUG com.my.blog.website.service.impl.SiteServiceImpl - Exit getStatistics method
2018-07-22 12:27:45.002 [http-nio-8081-exec-7] DEBUG com.my.blog.website.service.impl.LogServiceImpl - Enter getLogs method:page=1,linit=5
2018-07-22 12:27:45.004 [http-nio-8081-exec-7] DEBUG com.my.blog.website.service.impl.LogServiceImpl - Exit getLogs method
2018-07-22 12:27:45.004 [http-nio-8081-exec-7] INFO  com.my.blog.website.controller.admin.IndexController - Exit admin index method
2018-07-22 12:27:45.257 [http-nio-8081-exec-1] INFO  com.my.blog.website.controller.admin.IndexController - Enter admin index method
2018-07-22 12:27:45.257 [http-nio-8081-exec-1] DEBUG com.my.blog.website.service.impl.SiteServiceImpl - Enter recentComments method:limit=5
2018-07-22 12:27:45.259 [http-nio-8081-exec-1] DEBUG com.my.blog.website.service.impl.SiteServiceImpl - Exit recentComments method
2018-07-22 12:27:45.259 [http-nio-8081-exec-1] DEBUG com.my.blog.website.service.impl.SiteServiceImpl - Enter recentContents method
2018-07-22 12:27:45.263 [http-nio-8081-exec-1] DEBUG com.my.blog.website.service.impl.SiteServiceImpl - Exit recentContents method
2018-07-22 12:27:45.263 [http-nio-8081-exec-1] DEBUG com.my.blog.website.service.impl.SiteServiceImpl - Enter getStatistics method
2018-07-22 12:27:45.271 [http-nio-8081-exec-1] DEBUG com.my.blog.website.service.impl.SiteServiceImpl - Exit getStatistics method
2018-07-22 12:27:45.271 [http-nio-8081-exec-1] DEBUG com.my.blog.website.service.impl.LogServiceImpl - Enter getLogs method:page=1,linit=5
2018-07-22 12:27:45.275 [http-nio-8081-exec-1] DEBUG com.my.blog.website.service.impl.LogServiceImpl - Exit getLogs method
2018-07-22 12:27:45.275 [http-nio-8081-exec-1] INFO  com.my.blog.website.controller.admin.IndexController - Exit admin index method
2018-07-22 12:27:45.529 [http-nio-8081-exec-7] INFO  com.my.blog.website.controller.admin.IndexController - Enter admin index method
2018-07-22 12:27:45.529 [http-nio-8081-exec-7] DEBUG com.my.blog.website.service.impl.SiteServiceImpl - Enter recentComments method:limit=5
2018-07-22 12:27:45.531 [http-nio-8081-exec-7] DEBUG com.my.blog.website.service.impl.SiteServiceImpl - Exit recentComments method
2018-07-22 12:27:45.531 [http-nio-8081-exec-7] DEBUG com.my.blog.website.service.impl.SiteServiceImpl - Enter recentContents method
2018-07-22 12:27:45.535 [http-nio-8081-exec-7] DEBUG com.my.blog.website.service.impl.SiteServiceImpl - Exit recentContents method
2018-07-22 12:27:45.535 [http-nio-8081-exec-7] DEBUG com.my.blog.website.service.impl.SiteServiceImpl - Enter getStatistics method
2018-07-22 12:27:45.542 [http-nio-8081-exec-7] DEBUG com.my.blog.website.service.impl.SiteServiceImpl - Exit getStatistics method
2018-07-22 12:27:45.542 [http-nio-8081-exec-7] DEBUG com.my.blog.website.service.impl.LogServiceImpl - Enter getLogs method:page=1,linit=5
2018-07-22 12:27:45.544 [http-nio-8081-exec-7] DEBUG com.my.blog.website.service.impl.LogServiceImpl - Exit getLogs method
2018-07-22 12:27:45.544 [http-nio-8081-exec-7] INFO  com.my.blog.website.controller.admin.IndexController - Exit admin index method
2018-07-22 12:32:25.087 [http-nio-8081-exec-8] INFO  com.my.blog.website.controller.admin.IndexController - Enter admin index method
2018-07-22 12:32:25.087 [http-nio-8081-exec-8] DEBUG com.my.blog.website.service.impl.SiteServiceImpl - Enter recentComments method:limit=5
2018-07-22 12:32:25.089 [http-nio-8081-exec-8] DEBUG com.my.blog.website.service.impl.SiteServiceImpl - Exit recentComments method
2018-07-22 12:32:25.089 [http-nio-8081-exec-8] DEBUG com.my.blog.website.service.impl.SiteServiceImpl - Enter recentContents method
2018-07-22 12:32:25.093 [http-nio-8081-exec-8] DEBUG com.my.blog.website.service.impl.SiteServiceImpl - Exit recentContents method
2018-07-22 12:32:25.093 [http-nio-8081-exec-8] DEBUG com.my.blog.website.service.impl.SiteServiceImpl - Enter getStatistics method
2018-07-22 12:32:25.097 [http-nio-8081-exec-8] DEBUG com.my.blog.website.service.impl.SiteServiceImpl - Exit getStatistics method
2018-07-22 12:32:25.097 [http-nio-8081-exec-8] DEBUG com.my.blog.website.service.impl.LogServiceImpl - Enter getLogs method:page=1,linit=5
2018-07-22 12:32:25.099 [http-nio-8081-exec-8] DEBUG com.my.blog.website.service.impl.LogServiceImpl - Exit getLogs method
2018-07-22 12:32:25.099 [http-nio-8081-exec-8] INFO  com.my.blog.website.controller.admin.IndexController - Exit admin index method
